Release 14.7 - xst P.20131013 (nt64)
Copyright (c) 1995-2013 Xilinx, Inc.  All rights reserved.
--> Parameter TMPDIR set to xst/projnav.tmp


Total REAL time to Xst completion: 0.00 secs
Total CPU time to Xst completion: 0.06 secs
 
--> Parameter xsthdpdir set to xst


Total REAL time to Xst completion: 0.00 secs
Total CPU time to Xst completion: 0.06 secs
 
--> Reading design: Divider50MHz.prj

TABLE OF CONTENTS
  1) Synthesis Options Summary
  2) HDL Compilation
  3) Design Hierarchy Analysis
  4) HDL Analysis
  5) HDL Synthesis
     5.1) HDL Synthesis Report
  6) Advanced HDL Synthesis
     6.1) Advanced HDL Synthesis Report
  7) Low Level Synthesis
  8) Partition Report
  9) Final Report
	9.1) Device utilization summary
	9.2) Partition Resource Summary
	9.3) TIMING REPORT


=========================================================================
*                      Synthesis Options Summary                        *
=========================================================================
---- Source Parameters
Input File Name                    : "Divider50MHz.prj"
Input Format                       : mixed
Ignore Synthesis Constraint File   : NO

---- Target Parameters
Output File Name                   : "Divider50MHz"
Output Format                      : NGC
Target Device                      : xc3s100e-4-cp132

---- Source Options
Top Module Name                    : Divider50MHz
Automatic FSM Extraction           : YES
FSM Encoding Algorithm             : Auto
Safe Implementation                : No
FSM Style                          : LUT
RAM Extraction                     : Yes
RAM Style                          : Auto
ROM Extraction                     : Yes
Mux Style                          : Auto
Decoder Extraction                 : YES
Priority Encoder Extraction        : Yes
Shift Register Extraction          : YES
Logical Shifter Extraction         : YES
XOR Collapsing                     : YES
ROM Style                          : Auto
Mux Extraction                     : Yes
Resource Sharing                   : YES
Asynchronous To Synchronous        : NO
Multiplier Style                   : Auto
Automatic Register Balancing       : No

---- Target Options
Add IO Buffers                     : YES
Global Maximum Fanout              : 500
Add Generic Clock Buffer(BUFG)     : 24
Register Duplication               : YES
Slice Packing                      : YES
Optimize Instantiated Primitives   : NO
Use Clock Enable                   : Yes
Use Synchronous Set                : Yes
Use Synchronous Reset              : Yes
Pack IO Registers into IOBs        : Auto
Equivalent register Removal        : YES

---- General Options
Optimization Goal                  : Speed
Optimization Effort                : 1
Keep Hierarchy                     : No
Netlist Hierarchy                  : As_Optimized
RTL Output                         : Yes
Global Optimization                : AllClockNets
Read Cores                         : YES
Write Timing Constraints           : NO
Cross Clock Analysis               : NO
Hierarchy Separator                : /
Bus Delimiter                      : <>
Case Specifier                     : Maintain
Slice Utilization Ratio            : 100
BRAM Utilization Ratio             : 100
Verilog 2001                       : YES
Auto BRAM Packing                  : NO
Slice Utilization Ratio Delta      : 5

=========================================================================


=========================================================================
*                          HDL Compilation                              *
=========================================================================
Compiling verilog file "Divider50MHz.v" in library work
Module <Divider50MHz> compiled
No errors in compilation
Analysis of file <"Divider50MHz.prj"> succeeded.
 

=========================================================================
*                     Design Hierarchy Analysis                         *
=========================================================================
Analyzing hierarchy for module <Divider50MHz> in library <work> with parameters.
	CLK_Freq = "00000010111110101111000010000000"
	N = "00000000000000000000000000011001"
	OUT_Freq = "00000000000000000000000000000001"


=========================================================================
*                            HDL Analysis                               *
=========================================================================
Analyzing top module <Divider50MHz>.
	CLK_Freq = 32'sb00000010111110101111000010000000
	N = 32'sb00000000000000000000000000011001
	OUT_Freq = 32'sb00000000000000000000000000000001
Module <Divider50MHz> is correct for synthesis.
 

=========================================================================
*                           HDL Synthesis                               *
=========================================================================

Performing bidirectional port resolution...

Synthesizing Unit <Divider50MHz>.
    Related source file is "Divider50MHz.v".
    Found 1-bit register for signal <CLK_1HzOut>.
    Found 25-bit comparator less for signal <CLK_1HzOut$cmp_lt0000> created at line 38.
    Found 25-bit up counter for signal <Count_DIV>.
    Summary:
	inferred   1 Counter(s).
	inferred   1 D-type flip-flop(s).
	inferred   1 Comparator(s).
Unit <Divider50MHz> synthesized.


=========================================================================
HDL Synthesis Report

Macro Statistics
# Counters                                             : 1
 25-bit up counter                                     : 1
# Registers                                            : 1
 1-bit register                                        : 1
# Comparators                                          : 1
 25-bit comparator less                                : 1

=========================================================================

=========================================================================
*                       Advanced HDL Synthesis                          *
=========================================================================


=========================================================================
Advanced HDL Synthesis Report

Macro Statistics
# Counters                                             : 1
 25-bit up counter                                     : 1
# Registers                                            : 1
 Flip-Flops                                            : 1
# Comparators                                          : 1
 25-bit comparator less                                : 1

=========================================================================

=========================================================================
*                         Low Level Synthesis                           *
=========================================================================

Optimizing unit <Divider50MHz> ...

Mapping all equations...
Building and optimizing final netlist ...
Found area constraint ratio of 100 (+ 5) on block Divider50MHz, actual ratio is 2.

Final Macro Processing ...

=========================================================================
Final Register Report

Macro Statistics
# Registers                                            : 26
 Flip-Flops                                            : 26

=========================================================================

=========================================================================
*                           Partition Report                            *
=========================================================================

Partition Implementation Status
-------------------------------

  No Partitions were found in this design.

-------------------------------

=========================================================================
*                            Final Report                               *
=========================================================================
Final Results
RTL Top Level Output File Name     : Divider50MHz.ngr
Top Level Output File Name         : Divider50MHz
Output Format                      : NGC
Optimization Goal                  : Speed
Keep Hierarchy                     : No

Design Statistics
# IOs                              : 3

Cell Usage :
# BELS                             : 103
#      GND                         : 1
#      INV                         : 7
#      LUT1                        : 3
#      LUT2                        : 1
#      LUT3                        : 25
#      LUT4                        : 4
#      MUXCY                       : 36
#      VCC                         : 1
#      XORCY                       : 25
# FlipFlops/Latches                : 26
#      FDC                         : 25
#      FDCE                        : 1
# Clock Buffers                    : 1
#      BUFGP                       : 1
# IO Buffers                       : 2
#      IBUF                        : 1
#      OBUF                        : 1
=========================================================================

Device utilization summary:
---------------------------

Selected Device : 3s100ecp132-4 

 Number of Slices:                       20  out of    960     2%  
 Number of Slice Flip Flops:             26  out of   1920     1%  
 Number of 4 input LUTs:                 40  out of   1920     2%  
 Number of IOs:                           3
 Number of bonded IOBs:                   3  out of     83     3%  
 Number of GCLKs:                         1  out of     24     4%  

---------------------------
Partition Resource Summary:
---------------------------

  No Partitions were found in this design.

---------------------------


=========================================================================
TIMING REPORT

NOTE: THESE TIMING NUMBERS ARE ONLY A SYNTHESIS ESTIMATE.
      FOR ACCURATE TIMING INFORMATION PLEASE REFER TO THE TRACE REPORT
      GENERATED AFTER PLACE-and-ROUTE.

Clock Information:
------------------
-----------------------------------+------------------------+-------+
Clock Signal                       | Clock buffer(FF name)  | Load  |
-----------------------------------+------------------------+-------+
CLK_50M                            | BUFGP                  | 26    |
-----------------------------------+------------------------+-------+

Asynchronous Control Signals Information:
----------------------------------------
-----------------------------------+------------------------+-------+
Control Signal                     | Buffer(FF name)        | Load  |
-----------------------------------+------------------------+-------+
nCLR_inv(nCLR_inv1_INV_0:O)        | NONE(CLK_1HzOut)       | 26    |
-----------------------------------+------------------------+-------+

Timing Summary:
---------------
Speed Grade: -4

   Minimum period: 8.235ns (Maximum Frequency: 121.438MHz)
   Minimum input arrival time before clock: No path found
   Maximum output required time after clock: 4.310ns
   Maximum combinational path delay: No path found

Timing Detail:
--------------
All values displayed in nanoseconds (ns)

=========================================================================
Timing constraint: Default period analysis for Clock 'CLK_50M'
  Clock period: 8.235ns (frequency: 121.438MHz)
  Total number of paths / destination ports: 9101 / 27
-------------------------------------------------------------------------
Delay:               8.235ns (Levels of Logic = 39)
  Source:            Count_DIV_0 (FF)
  Destination:       Count_DIV_24 (FF)
  Source Clock:      CLK_50M rising
  Destination Clock: CLK_50M rising

  Data Path: Count_DIV_0 to Count_DIV_24
                                Gate     Net
    Cell:in->out      fanout   Delay   Delay  Logical Name (Net Name)
    ----------------------------------------  ------------
     FDC:C->Q              2   0.591   0.622  Count_DIV_0 (Count_DIV_0)
     LUT4:I0->O            1   0.704   0.000  Mcompar_CLK_1HzOut_cmp_lt0000_lut<0> (Mcompar_CLK_1HzOut_cmp_lt0000_lut<0>)
     MUXCY:S->O            1   0.464   0.000  Mcompar_CLK_1HzOut_cmp_lt0000_cy<0> (Mcompar_CLK_1HzOut_cmp_lt0000_cy<0>)
     MUXCY:CI->O           1   0.059   0.000  Mcompar_CLK_1HzOut_cmp_lt0000_cy<1> (Mcompar_CLK_1HzOut_cmp_lt0000_cy<1>)
     MUXCY:CI->O           1   0.059   0.000  Mcompar_CLK_1HzOut_cmp_lt0000_cy<2> (Mcompar_CLK_1HzOut_cmp_lt0000_cy<2>)
     MUXCY:CI->O           1   0.059   0.000  Mcompar_CLK_1HzOut_cmp_lt0000_cy<3> (Mcompar_CLK_1HzOut_cmp_lt0000_cy<3>)
     MUXCY:CI->O           1   0.059   0.000  Mcompar_CLK_1HzOut_cmp_lt0000_cy<4> (Mcompar_CLK_1HzOut_cmp_lt0000_cy<4>)
     MUXCY:CI->O           1   0.059   0.000  Mcompar_CLK_1HzOut_cmp_lt0000_cy<5> (Mcompar_CLK_1HzOut_cmp_lt0000_cy<5>)
     MUXCY:CI->O           1   0.059   0.000  Mcompar_CLK_1HzOut_cmp_lt0000_cy<6> (Mcompar_CLK_1HzOut_cmp_lt0000_cy<6>)
     MUXCY:CI->O           1   0.059   0.000  Mcompar_CLK_1HzOut_cmp_lt0000_cy<7> (Mcompar_CLK_1HzOut_cmp_lt0000_cy<7>)
     MUXCY:CI->O           1   0.059   0.000  Mcompar_CLK_1HzOut_cmp_lt0000_cy<8> (Mcompar_CLK_1HzOut_cmp_lt0000_cy<8>)
     MUXCY:CI->O           1   0.059   0.000  Mcompar_CLK_1HzOut_cmp_lt0000_cy<9> (Mcompar_CLK_1HzOut_cmp_lt0000_cy<9>)
     MUXCY:CI->O           1   0.059   0.000  Mcompar_CLK_1HzOut_cmp_lt0000_cy<10> (Mcompar_CLK_1HzOut_cmp_lt0000_cy<10>)
     MUXCY:CI->O          27   0.331   1.296  Mcompar_CLK_1HzOut_cmp_lt0000_cy<11> (Mcompar_CLK_1HzOut_cmp_lt0000_cy<11>)
     LUT3:I2->O            1   0.704   0.000  Mcount_Count_DIV_lut<0> (Mcount_Count_DIV_lut<0>)
     MUXCY:S->O            1   0.464   0.000  Mcount_Count_DIV_cy<0> (Mcount_Count_DIV_cy<0>)
     MUXCY:CI->O           1   0.059   0.000  Mcount_Count_DIV_cy<1> (Mcount_Count_DIV_cy<1>)
     MUXCY:CI->O           1   0.059   0.000  Mcount_Count_DIV_cy<2> (Mcount_Count_DIV_cy<2>)
     MUXCY:CI->O           1   0.059   0.000  Mcount_Count_DIV_cy<3> (Mcount_Count_DIV_cy<3>)
     MUXCY:CI->O           1   0.059   0.000  Mcount_Count_DIV_cy<4> (Mcount_Count_DIV_cy<4>)
     MUXCY:CI->O           1   0.059   0.000  Mcount_Count_DIV_cy<5> (Mcount_Count_DIV_cy<5>)
     MUXCY:CI->O           1   0.059   0.000  Mcount_Count_DIV_cy<6> (Mcount_Count_DIV_cy<6>)
     MUXCY:CI->O           1   0.059   0.000  Mcount_Count_DIV_cy<7> (Mcount_Count_DIV_cy<7>)
     MUXCY:CI->O           1   0.059   0.000  Mcount_Count_DIV_cy<8> (Mcount_Count_DIV_cy<8>)
     MUXCY:CI->O           1   0.059   0.000  Mcount_Count_DIV_cy<9> (Mcount_Count_DIV_cy<9>)
     MUXCY:CI->O           1   0.059   0.000  Mcount_Count_DIV_cy<10> (Mcount_Count_DIV_cy<10>)
     MUXCY:CI->O           1   0.059   0.000  Mcount_Count_DIV_cy<11> (Mcount_Count_DIV_cy<11>)
     MUXCY:CI->O           1   0.059   0.000  Mcount_Count_DIV_cy<12> (Mcount_Count_DIV_cy<12>)
     MUXCY:CI->O           1   0.059   0.000  Mcount_Count_DIV_cy<13> (Mcount_Count_DIV_cy<13>)
     MUXCY:CI->O           1   0.059   0.000  Mcount_Count_DIV_cy<14> (Mcount_Count_DIV_cy<14>)
     MUXCY:CI->O           1   0.059   0.000  Mcount_Count_DIV_cy<15> (Mcount_Count_DIV_cy<15>)
     MUXCY:CI->O           1   0.059   0.000  Mcount_Count_DIV_cy<16> (Mcount_Count_DIV_cy<16>)
     MUXCY:CI->O           1   0.059   0.000  Mcount_Count_DIV_cy<17> (Mcount_Count_DIV_cy<17>)
     MUXCY:CI->O           1   0.059   0.000  Mcount_Count_DIV_cy<18> (Mcount_Count_DIV_cy<18>)
     MUXCY:CI->O           1   0.059   0.000  Mcount_Count_DIV_cy<19> (Mcount_Count_DIV_cy<19>)
     MUXCY:CI->O           1   0.059   0.000  Mcount_Count_DIV_cy<20> (Mcount_Count_DIV_cy<20>)
     MUXCY:CI->O           1   0.059   0.000  Mcount_Count_DIV_cy<21> (Mcount_Count_DIV_cy<21>)
     MUXCY:CI->O           1   0.059   0.000  Mcount_Count_DIV_cy<22> (Mcount_Count_DIV_cy<22>)
     MUXCY:CI->O           0   0.059   0.000  Mcount_Count_DIV_cy<23> (Mcount_Count_DIV_cy<23>)
     XORCY:CI->O           1   0.804   0.000  Mcount_Count_DIV_xor<24> (Mcount_Count_DIV24)
     FDC:D                     0.308          Count_DIV_24
    ----------------------------------------
    Total                      8.235ns (6.317ns logic, 1.918ns route)
                                       (76.7% logic, 23.3% route)

=========================================================================
Timing constraint: Default OFFSET OUT AFTER for Clock 'CLK_50M'
  Total number of paths / destination ports: 1 / 1
-------------------------------------------------------------------------
Offset:              4.310ns (Levels of Logic = 1)
  Source:            CLK_1HzOut (FF)
  Destination:       CLK_1HzOut (PAD)
  Source Clock:      CLK_50M rising

  Data Path: CLK_1HzOut to CLK_1HzOut
                                Gate     Net
    Cell:in->out      fanout   Delay   Delay  Logical Name (Net Name)
    ----------------------------------------  ------------
     FDCE:C->Q             2   0.591   0.447  CLK_1HzOut (CLK_1HzOut_OBUF)
     OBUF:I->O                 3.272          CLK_1HzOut_OBUF (CLK_1HzOut)
    ----------------------------------------
    Total                      4.310ns (3.863ns logic, 0.447ns route)
                                       (89.6% logic, 10.4% route)

=========================================================================


Total REAL time to Xst completion: 3.00 secs
Total CPU time to Xst completion: 3.36 secs
 
--> 

Total memory usage is 255440 kilobytes

Number of errors   :    0 (   0 filtered)
Number of warnings :    0 (   0 filtered)
Number of infos    :    0 (   0 filtered)

