
****** PlanAhead v14.7
  **** Build 321239 by xbuild on Fri Sep 27 19:31:35 MDT 2013
    ** Copyright 1986-1999, 2001-2013 Xilinx, Inc. All Rights Reserved.

INFO: [Common 17-78] Attempting to get a license: PlanAhead
INFO: [Common 17-290] Got license for PlanAhead
INFO: [Device 21-36] Loading parts and site information from D:/Xilinx/14.7/ISE_DS/PlanAhead/data/parts/arch.xml
Parsing RTL primitives file [D:/Xilinx/14.7/ISE_DS/PlanAhead/data/parts/xilinx/rtl/prims/rtl_prims.xml]
Finished parsing RTL primitives file [D:/Xilinx/14.7/ISE_DS/PlanAhead/data/parts/xilinx/rtl/prims/rtl_prims.xml]
start_gui
source C:/Users/Kevin/Documents/ise_project/washmachine/pa.fromNetlist.tcl
# create_project -name washmachine -dir "C:/Users/Kevin/Documents/ise_project/washmachine/planAhead_run_3" -part xc3s100ecp132-4
# set_property design_mode GateLvl [get_property srcset [current_run -impl]]
# set_property edif_top_file "C:/Users/Kevin/Documents/ise_project/washmachine/top_washmachine.ngc" [ get_property srcset [ current_run ] ]
# add_files -norecurse { {C:/Users/Kevin/Documents/ise_project/washmachine} }
# set_param project.pinAheadLayout  yes
# set_property target_constrs_file "top_washmachine.ucf" [current_fileset -constrset]
Adding file 'C:/Users/Kevin/Documents/ise_project/washmachine/top_washmachine.ucf' to fileset 'constrs_1'
# add_files [list {top_washmachine.ucf}] -fileset [get_property constrset [current_run]]
# link_design
Design is defaulting to srcset: sources_1
Design is defaulting to constrset: constrs_1
Design is defaulting to project part: xc3s100ecp132-4
Release 14.7 - ngc2edif P.20131013 (nt)
Copyright (c) 1995-2013 Xilinx, Inc.  All rights reserved.

Release 14.7 - ngc2edif P.20131013 (nt)
Copyright (c) 1995-2013 Xilinx, Inc.  All rights reserved.
Reading design top_washmachine.ngc ...
WARNING:NetListWriters:298 - No output is written to top_washmachine.xncf,
   ignored.
Processing design ...
   Preping design's networks ...
   Preping design's macros ...
WARNING:NetListWriters:306 - Signal bus U0/Mcompar_CLK_1HzOut_cmp_lt0000_lut<10
   : 0> on block top_washmachine is not reconstructed, because there are some
   missing bus signals.
  finished :Prep
Writing EDIF netlist file top_washmachine.edif ...
ngc2edif: Total memory usage is 115752 kilobytes

Parsing EDIF File [./planAhead_run_3/washmachine.data/cache/top_washmachine_ngc_zx.edif]
Finished Parsing EDIF File [./planAhead_run_3/washmachine.data/cache/top_washmachine_ngc_zx.edif]
INFO: [Designutils 20-910] Reading macro library D:/Xilinx/14.7/ISE_DS/PlanAhead/data\./parts/xilinx/spartan3e/spartan3e/hd_int_macros.edn
Parsing EDIF File [D:/Xilinx/14.7/ISE_DS/PlanAhead/data\./parts/xilinx/spartan3e/spartan3e/hd_int_macros.edn]
Finished Parsing EDIF File [D:/Xilinx/14.7/ISE_DS/PlanAhead/data\./parts/xilinx/spartan3e/spartan3e/hd_int_macros.edn]
Loading clock regions from D:/Xilinx/14.7/ISE_DS/PlanAhead/data\parts/xilinx/spartan3e/spartan3e/xc3s100e/ClockRegion.xml
Loading clock buffers from D:/Xilinx/14.7/ISE_DS/PlanAhead/data\parts/xilinx/spartan3e/spartan3e/xc3s100e/ClockBuffers.xml
Loading package from D:/Xilinx/14.7/ISE_DS/PlanAhead/data\parts/xilinx/spartan3e/spartan3e/xc3s100e/cp132/Package.xml
Loading io standards from D:/Xilinx/14.7/ISE_DS/PlanAhead/data\./parts/xilinx/spartan3e/IOStandards.xml
INFO: [Device 21-19] Loading pkg sso from D:/Xilinx/14.7/ISE_DS/PlanAhead/data\parts/xilinx/spartan3e/spartan3e/xc3s100e/cp132/SSORules.xml
Loading list of drcs for the architecture : D:/Xilinx/14.7/ISE_DS/PlanAhead/data\./parts/xilinx/spartan3e/spartan3e/drc.xml
INFO: [Timing 38-77] Reading timing library D:/Xilinx/14.7/ISE_DS/PlanAhead/data\parts/xilinx/spartan3e/spartan3e/spartan3e-4.lib.
INFO: [Timing 38-34] Done reading timing library D:/Xilinx/14.7/ISE_DS/PlanAhead/data\parts/xilinx/spartan3e/spartan3e/spartan3e-4.lib.
Parsing UCF File [C:/Users/Kevin/Documents/ise_project/washmachine/top_washmachine.ucf]
WARNING: [Constraints 18-7] Clock terminal add is located on a non-clock IO location G12 this can produce sub-optimal results [C:/Users/Kevin/Documents/ise_project/washmachine/top_washmachine.ucf:1]
Finished Parsing UCF File [C:/Users/Kevin/Documents/ise_project/washmachine/top_washmachine.ucf]
INFO: [Project 1-111] Unisim Transformation Summary:
No Unisim elements were transformed.

Phase 0 | Netlist Checksum: dc792d5f
link_design: Time (s): elapsed = 00:00:09 . Memory (MB): peak = 521.512 ; gain = 83.465
exit
ERROR: [Common 17-39] 'stop_gui' failed due to earlier errors.
INFO: [Common 17-206] Exiting PlanAhead at Sun Mar 11 20:23:51 2018...
INFO: [Common 17-83] Releasing license: PlanAhead
