Release 14.7 - xst P.20131013 (nt64)
Copyright (c) 1995-2013 Xilinx, Inc.  All rights reserved.
--> Parameter TMPDIR set to xst/projnav.tmp


Total REAL time to Xst completion: 0.00 secs
Total CPU time to Xst completion: 0.16 secs
 
--> Parameter xsthdpdir set to xst


Total REAL time to Xst completion: 0.00 secs
Total CPU time to Xst completion: 0.16 secs
 
--> Reading design: revertableclocktop.prj

TABLE OF CONTENTS
  1) Synthesis Options Summary
  2) HDL Compilation
  3) Design Hierarchy Analysis
  4) HDL Analysis
  5) HDL Synthesis
     5.1) HDL Synthesis Report
  6) Advanced HDL Synthesis
     6.1) Advanced HDL Synthesis Report
  7) Low Level Synthesis
  8) Partition Report
  9) Final Report
	9.1) Device utilization summary
	9.2) Partition Resource Summary
	9.3) TIMING REPORT


=========================================================================
*                      Synthesis Options Summary                        *
=========================================================================
---- Source Parameters
Input File Name                    : "revertableclocktop.prj"
Input Format                       : mixed
Ignore Synthesis Constraint File   : NO

---- Target Parameters
Output File Name                   : "revertableclocktop"
Output Format                      : NGC
Target Device                      : xc3s100e-4-cp132

---- Source Options
Top Module Name                    : revertableclocktop
Automatic FSM Extraction           : YES
FSM Encoding Algorithm             : Auto
Safe Implementation                : No
FSM Style                          : LUT
RAM Extraction                     : Yes
RAM Style                          : Auto
ROM Extraction                     : Yes
Mux Style                          : Auto
Decoder Extraction                 : YES
Priority Encoder Extraction        : Yes
Shift Register Extraction          : YES
Logical Shifter Extraction         : YES
XOR Collapsing                     : YES
ROM Style                          : Auto
Mux Extraction                     : Yes
Resource Sharing                   : YES
Asynchronous To Synchronous        : NO
Multiplier Style                   : Auto
Automatic Register Balancing       : No

---- Target Options
Add IO Buffers                     : YES
Global Maximum Fanout              : 100000
Add Generic Clock Buffer(BUFG)     : 24
Register Duplication               : YES
Slice Packing                      : YES
Optimize Instantiated Primitives   : NO
Use Clock Enable                   : Yes
Use Synchronous Set                : Yes
Use Synchronous Reset              : Yes
Pack IO Registers into IOBs        : Auto
Equivalent register Removal        : YES

---- General Options
Optimization Goal                  : Speed
Optimization Effort                : 1
Keep Hierarchy                     : No
Netlist Hierarchy                  : As_Optimized
RTL Output                         : Yes
Global Optimization                : AllClockNets
Read Cores                         : YES
Write Timing Constraints           : NO
Cross Clock Analysis               : NO
Hierarchy Separator                : /
Bus Delimiter                      : <>
Case Specifier                     : Maintain
Slice Utilization Ratio            : 100
BRAM Utilization Ratio             : 100
Verilog 2001                       : YES
Auto BRAM Packing                  : NO
Slice Utilization Ratio Delta      : 5

=========================================================================


=========================================================================
*                          HDL Compilation                              *
=========================================================================
Compiling verilog file "../washmachine/Divider50MHz.v" in library work
Compiling verilog file "SEG7_LUT.v" in library work
Module <Divider50MHz> compiled
Compiling verilog file "revertableclocktop.v" in library work
Module <SEG7_LUT> compiled
Module <revertableclocktop> compiled
No errors in compilation
Analysis of file <"revertableclocktop.prj"> succeeded.
 

=========================================================================
*                     Design Hierarchy Analysis                         *
=========================================================================
Analyzing hierarchy for module <revertableclocktop> in library <work>.

Analyzing hierarchy for module <Divider50MHz> in library <work> with parameters.
	CLK_Freq = "00000010111110101111000010000000"
	N = "00000000000000000000000000011001"
	OUT_Freq = "00000000000000000000000000000001"

Analyzing hierarchy for module <SEG7_LUT> in library <work>.


=========================================================================
*                            HDL Analysis                               *
=========================================================================
Analyzing top module <revertableclocktop>.
Module <revertableclocktop> is correct for synthesis.
 
Analyzing module <Divider50MHz> in library <work>.
	CLK_Freq = 32'sb00000010111110101111000010000000
	N = 32'sb00000000000000000000000000011001
	OUT_Freq = 32'sb00000000000000000000000000000001
Module <Divider50MHz> is correct for synthesis.
 
Analyzing module <SEG7_LUT> in library <work>.
Module <SEG7_LUT> is correct for synthesis.
 

=========================================================================
*                           HDL Synthesis                               *
=========================================================================

Performing bidirectional port resolution...

Synthesizing Unit <Divider50MHz>.
    Related source file is "../washmachine/Divider50MHz.v".
    Found 1-bit register for signal <CLK_1HzOut>.
    Found 25-bit comparator less for signal <CLK_1HzOut$cmp_lt0000> created at line 38.
    Found 25-bit up counter for signal <Count_DIV>.
    Summary:
	inferred   1 Counter(s).
	inferred   1 D-type flip-flop(s).
	inferred   1 Comparator(s).
Unit <Divider50MHz> synthesized.


Synthesizing Unit <SEG7_LUT>.
    Related source file is "SEG7_LUT.v".
    Found 16x7-bit ROM for signal <oSEG>.
    Summary:
	inferred   1 ROM(s).
Unit <SEG7_LUT> synthesized.


Synthesizing Unit <revertableclocktop>.
    Related source file is "revertableclocktop.v".
    Found 4-bit register for signal <seconds>.
    Found 4-bit addsub for signal <seconds$share0000> created at line 38.
    Summary:
	inferred   4 D-type flip-flop(s).
	inferred   1 Adder/Subtractor(s).
Unit <revertableclocktop> synthesized.

INFO:Xst:1767 - HDL ADVISOR - Resource sharing has identified that some arithmetic operations in this design can share the same physical resources for reduced device utilization. For improved clock frequency you may try to disable resource sharing.

=========================================================================
HDL Synthesis Report

Macro Statistics
# ROMs                                                 : 1
 16x7-bit ROM                                          : 1
# Adders/Subtractors                                   : 1
 4-bit addsub                                          : 1
# Counters                                             : 1
 25-bit up counter                                     : 1
# Registers                                            : 2
 1-bit register                                        : 1
 4-bit register                                        : 1
# Comparators                                          : 1
 25-bit comparator less                                : 1

=========================================================================

=========================================================================
*                       Advanced HDL Synthesis                          *
=========================================================================


=========================================================================
Advanced HDL Synthesis Report

Macro Statistics
# ROMs                                                 : 1
 16x7-bit ROM                                          : 1
# Adders/Subtractors                                   : 1
 4-bit addsub                                          : 1
# Counters                                             : 1
 25-bit up counter                                     : 1
# Registers                                            : 5
 Flip-Flops                                            : 5
# Comparators                                          : 1
 25-bit comparator less                                : 1

=========================================================================

=========================================================================
*                         Low Level Synthesis                           *
=========================================================================

Optimizing unit <revertableclocktop> ...

Mapping all equations...
Building and optimizing final netlist ...
Found area constraint ratio of 100 (+ 5) on block revertableclocktop, actual ratio is 3.

Final Macro Processing ...

=========================================================================
Final Register Report

Macro Statistics
# Registers                                            : 30
 Flip-Flops                                            : 30

=========================================================================

=========================================================================
*                           Partition Report                            *
=========================================================================

Partition Implementation Status
-------------------------------

  No Partitions were found in this design.

-------------------------------

=========================================================================
*                            Final Report                               *
=========================================================================
Final Results
RTL Top Level Output File Name     : revertableclocktop.ngr
Top Level Output File Name         : revertableclocktop
Output Format                      : NGC
Optimization Goal                  : Speed
Keep Hierarchy                     : No

Design Statistics
# IOs                              : 14

Cell Usage :
# BELS                             : 114
#      GND                         : 1
#      INV                         : 8
#      LUT1                        : 27
#      LUT2                        : 2
#      LUT3                        : 1
#      LUT4                        : 12
#      LUT4_L                      : 1
#      MUXCY                       : 36
#      VCC                         : 1
#      XORCY                       : 25
# FlipFlops/Latches                : 30
#      FDC                         : 4
#      FDE                         : 1
#      FDR                         : 25
# Clock Buffers                    : 1
#      BUFGP                       : 1
# IO Buffers                       : 13
#      IBUF                        : 2
#      OBUF                        : 11
=========================================================================

Device utilization summary:
---------------------------

Selected Device : 3s100ecp132-4 

 Number of Slices:                       25  out of    960     2%  
 Number of Slice Flip Flops:             30  out of   1920     1%  
 Number of 4 input LUTs:                 51  out of   1920     2%  
 Number of IOs:                          14
 Number of bonded IOBs:                  14  out of     83    16%  
 Number of GCLKs:                         1  out of     24     4%  

---------------------------
Partition Resource Summary:
---------------------------

  No Partitions were found in this design.

---------------------------


=========================================================================
TIMING REPORT

NOTE: THESE TIMING NUMBERS ARE ONLY A SYNTHESIS ESTIMATE.
      FOR ACCURATE TIMING INFORMATION PLEASE REFER TO THE TRACE REPORT
      GENERATED AFTER PLACE-and-ROUTE.

Clock Information:
------------------
-----------------------------------+------------------------+-------+
Clock Signal                       | Clock buffer(FF name)  | Load  |
-----------------------------------+------------------------+-------+
D0/CLK_1HzOut                      | NONE(seconds_0)        | 4     |
CLK_50                             | BUFGP                  | 26    |
-----------------------------------+------------------------+-------+
INFO:Xst:2169 - HDL ADVISOR - Some clock signals were not automatically buffered by XST with BUFG/BUFR resources. Please use the buffer_type constraint in order to insert these buffers to the clock signals to help prevent skew problems.

Asynchronous Control Signals Information:
----------------------------------------
-----------------------------------+------------------------+-------+
Control Signal                     | Buffer(FF name)        | Load  |
-----------------------------------+------------------------+-------+
nCLR_inv(nCLR_inv1_INV_0:O)        | NONE(seconds_0)        | 4     |
-----------------------------------+------------------------+-------+

Timing Summary:
---------------
Speed Grade: -4

   Minimum period: 5.473ns (Maximum Frequency: 182.705MHz)
   Minimum input arrival time before clock: 3.648ns
   Maximum output required time after clock: 6.044ns
   Maximum combinational path delay: No path found

Timing Detail:
--------------
All values displayed in nanoseconds (ns)

=========================================================================
Timing constraint: Default period analysis for Clock 'D0/CLK_1HzOut'
  Clock period: 3.481ns (frequency: 287.274MHz)
  Total number of paths / destination ports: 10 / 4
-------------------------------------------------------------------------
Delay:               3.481ns (Levels of Logic = 2)
  Source:            seconds_2 (FF)
  Destination:       seconds_3 (FF)
  Source Clock:      D0/CLK_1HzOut rising
  Destination Clock: D0/CLK_1HzOut rising

  Data Path: seconds_2 to seconds_3
                                Gate     Net
    Cell:in->out      fanout   Delay   Delay  Logical Name (Net Name)
    ----------------------------------------  ------------
     FDC:C->Q              9   0.591   0.995  seconds_2 (seconds_2)
     LUT4_L:I0->LO         1   0.704   0.179  seconds_mux0000<0>3_SW0 (N01)
     LUT2:I1->O            1   0.704   0.000  seconds_mux0000<0>3 (seconds_mux0000<0>)
     FDC:D                     0.308          seconds_3
    ----------------------------------------
    Total                      3.481ns (2.307ns logic, 1.174ns route)
                                       (66.3% logic, 33.7% route)

=========================================================================
Timing constraint: Default period analysis for Clock 'CLK_50'
  Clock period: 5.473ns (frequency: 182.705MHz)
  Total number of paths / destination ports: 976 / 52
-------------------------------------------------------------------------
Delay:               5.473ns (Levels of Logic = 13)
  Source:            D0/Count_DIV_0 (FF)
  Destination:       D0/Count_DIV_0 (FF)
  Source Clock:      CLK_50 rising
  Destination Clock: CLK_50 rising

  Data Path: D0/Count_DIV_0 to D0/Count_DIV_0
                                Gate     Net
    Cell:in->out      fanout   Delay   Delay  Logical Name (Net Name)
    ----------------------------------------  ------------
     FDR:C->Q              2   0.591   0.622  D0/Count_DIV_0 (D0/Count_DIV_0)
     LUT4:I0->O            1   0.704   0.000  D0/Mcompar_CLK_1HzOut_cmp_lt0000_lut<0> (D0/Mcompar_CLK_1HzOut_cmp_lt0000_lut<0>)
     MUXCY:S->O            1   0.464   0.000  D0/Mcompar_CLK_1HzOut_cmp_lt0000_cy<0> (D0/Mcompar_CLK_1HzOut_cmp_lt0000_cy<0>)
     MUXCY:CI->O           1   0.059   0.000  D0/Mcompar_CLK_1HzOut_cmp_lt0000_cy<1> (D0/Mcompar_CLK_1HzOut_cmp_lt0000_cy<1>)
     MUXCY:CI->O           1   0.059   0.000  D0/Mcompar_CLK_1HzOut_cmp_lt0000_cy<2> (D0/Mcompar_CLK_1HzOut_cmp_lt0000_cy<2>)
     MUXCY:CI->O           1   0.059   0.000  D0/Mcompar_CLK_1HzOut_cmp_lt0000_cy<3> (D0/Mcompar_CLK_1HzOut_cmp_lt0000_cy<3>)
     MUXCY:CI->O           1   0.059   0.000  D0/Mcompar_CLK_1HzOut_cmp_lt0000_cy<4> (D0/Mcompar_CLK_1HzOut_cmp_lt0000_cy<4>)
     MUXCY:CI->O           1   0.059   0.000  D0/Mcompar_CLK_1HzOut_cmp_lt0000_cy<5> (D0/Mcompar_CLK_1HzOut_cmp_lt0000_cy<5>)
     MUXCY:CI->O           1   0.059   0.000  D0/Mcompar_CLK_1HzOut_cmp_lt0000_cy<6> (D0/Mcompar_CLK_1HzOut_cmp_lt0000_cy<6>)
     MUXCY:CI->O           1   0.059   0.000  D0/Mcompar_CLK_1HzOut_cmp_lt0000_cy<7> (D0/Mcompar_CLK_1HzOut_cmp_lt0000_cy<7>)
     MUXCY:CI->O           1   0.059   0.000  D0/Mcompar_CLK_1HzOut_cmp_lt0000_cy<8> (D0/Mcompar_CLK_1HzOut_cmp_lt0000_cy<8>)
     MUXCY:CI->O           1   0.059   0.000  D0/Mcompar_CLK_1HzOut_cmp_lt0000_cy<9> (D0/Mcompar_CLK_1HzOut_cmp_lt0000_cy<9>)
     MUXCY:CI->O           1   0.059   0.000  D0/Mcompar_CLK_1HzOut_cmp_lt0000_cy<10> (D0/Mcompar_CLK_1HzOut_cmp_lt0000_cy<10>)
     MUXCY:CI->O          26   0.331   1.260  D0/Mcompar_CLK_1HzOut_cmp_lt0000_cy<11> (D0/Mcompar_CLK_1HzOut_cmp_lt0000_cy<11>)
     FDR:R                     0.911          D0/Count_DIV_0
    ----------------------------------------
    Total                      5.473ns (3.591ns logic, 1.882ns route)
                                       (65.6% logic, 34.4% route)

=========================================================================
Timing constraint: Default OFFSET IN BEFORE for Clock 'D0/CLK_1HzOut'
  Total number of paths / destination ports: 3 / 3
-------------------------------------------------------------------------
Offset:              3.648ns (Levels of Logic = 3)
  Source:            revert (PAD)
  Destination:       seconds_3 (FF)
  Destination Clock: D0/CLK_1HzOut rising

  Data Path: revert to seconds_3
                                Gate     Net
    Cell:in->out      fanout   Delay   Delay  Logical Name (Net Name)
    ----------------------------------------  ------------
     IBUF:I->O             3   1.218   0.535  revert_IBUF (revert_IBUF)
     LUT4_L:I3->LO         1   0.704   0.179  seconds_mux0000<0>3_SW0 (N01)
     LUT2:I1->O            1   0.704   0.000  seconds_mux0000<0>3 (seconds_mux0000<0>)
     FDC:D                     0.308          seconds_3
    ----------------------------------------
    Total                      3.648ns (2.934ns logic, 0.714ns route)
                                       (80.4% logic, 19.6% route)

=========================================================================
Timing constraint: Default OFFSET OUT AFTER for Clock 'D0/CLK_1HzOut'
  Total number of paths / destination ports: 28 / 7
-------------------------------------------------------------------------
Offset:              6.044ns (Levels of Logic = 2)
  Source:            seconds_1 (FF)
  Destination:       SEG<6> (PAD)
  Source Clock:      D0/CLK_1HzOut rising

  Data Path: seconds_1 to SEG<6>
                                Gate     Net
    Cell:in->out      fanout   Delay   Delay  Logical Name (Net Name)
    ----------------------------------------  ------------
     FDC:C->Q             10   0.591   1.057  seconds_1 (seconds_1)
     LUT4:I0->O            1   0.704   0.420  S0/Mrom_oSEG21 (SEG_2_OBUF)
     OBUF:I->O                 3.272          SEG_2_OBUF (SEG<2>)
    ----------------------------------------
    Total                      6.044ns (4.567ns logic, 1.477ns route)
                                       (75.6% logic, 24.4% route)

=========================================================================


Total REAL time to Xst completion: 5.00 secs
Total CPU time to Xst completion: 5.72 secs
 
--> 

Total memory usage is 4518440 kilobytes

Number of errors   :    0 (   0 filtered)
Number of warnings :    1 (   0 filtered)
Number of infos    :    2 (   0 filtered)

