Running: fuse.exe -relaunch -intstyle "ise" -incremental -lib "unisims_ver" -lib "unimacro_ver" -lib "xilinxcorelib_ver" -lib "secureip" -o "C:/Users/Kevin/Documents/ise_project/mipscpu/topsim_isim_beh.exe" -prj "C:/Users/Kevin/Documents/ise_project/mipscpu/topsim_beh.prj" "work.topsim" "work.glbl" 
ISim P.20131013 (signature 0x7708f090)
Number of CPUs detected in this system: 4
Turning on mult-threading, number of parallel sub-compilation jobs: 8 
Determining compilation order of HDL files
Analyzing Verilog file "C:/Users/Kevin/Documents/ise_project/mipscpu/signext.v" into library work
Analyzing Verilog file "C:/Users/Kevin/Documents/ise_project/mipscpu/regFile.v" into library work
Analyzing Verilog file "C:/Users/Kevin/Documents/ise_project/mipscpu/ipcore_dir/irom.v" into library work
Analyzing Verilog file "C:/Users/Kevin/Documents/ise_project/mipscpu/ipcore_dir/dram.v" into library work
Analyzing Verilog file "C:/Users/Kevin/Documents/ise_project/mipscpu/ctr.v" into library work
Analyzing Verilog file "C:/Users/Kevin/Documents/ise_project/mipscpu/aluctr.v" into library work
Analyzing Verilog file "C:/Users/Kevin/Documents/ise_project/mipscpu/alu.v" into library work
Analyzing Verilog file "C:/Users/Kevin/Documents/ise_project/mipscpu/top.v" into library work
Analyzing Verilog file "C:/Users/Kevin/Documents/ise_project/mipscpu/topsim.v" into library work
Analyzing Verilog file "D:/Xilinx/14.7/ISE_DS/ISE//verilog/src/glbl.v" into library work
Starting static elaboration
Completed static elaboration
Compiling module ctr
Compiling module alu
Compiling module aluctr
Compiling module DIST_MEM_GEN_V7_2(C_FAMILY="arti...
Compiling module irom
Compiling module DIST_MEM_GEN_V7_2(C_FAMILY="arti...
Compiling module dram
Compiling module regFile
Compiling module signext
Compiling module top
Compiling module topsim
Compiling module glbl
Time Resolution for simulation is 1ps.
Waiting for 3 sub-compilation(s) to finish...
Compiled 12 Verilog Units
Built simulation executable C:/Users/Kevin/Documents/ise_project/mipscpu/topsim_isim_beh.exe
Fuse Memory Usage: 31352 KB
Fuse CPU Usage: 609 ms
