ISim log file
Running: C:\Users\Kevin\Documents\ise_project\mipscpu\topsim_isim_beh.exe -intstyle ise -gui -tclbatch isim.cmd -wdb C:/Users/Kevin/Documents/ise_project/mipscpu/topsim_isim_beh.wdb 
ISim P.20131013 (signature 0x7708f090)
This is a Full version of ISim.
Time resolution is 1 ps
# onerror resume
# wave add /
# run 1000 ns
Simulator is doing circuit initialization process.
WARNING: This core is supplied with a behavioral model. To model cycle-accurate behavior you must run timing simulation.
WARNING: This core is supplied with a behavioral model. To model cycle-accurate behavior you must run timing simulation.
WARNING in topsim.uut.dram.inst at time                    0 ns: 
Reading from out-of-range address. Max address in topsim.uut.dram.inst is          63
Finished circuit initialization process.
ISim P.20131013 (signature 0x7708f090)
This is a Full version of ISim.
# run 1000 ns
Simulator is doing circuit initialization process.
WARNING: This core is supplied with a behavioral model. To model cycle-accurate behavior you must run timing simulation.
WARNING: This core is supplied with a behavioral model. To model cycle-accurate behavior you must run timing simulation.
WARNING in topsim.uut.dram.inst at time                    0 ns: 
Reading from out-of-range address. Max address in topsim.uut.dram.inst is          63
Finished circuit initialization process.
